2014-05-14 20:02:52,374 [DEBUG] 系统启动
2014-05-14 20:02:52,406 [DEBUG] 设置程序的字体为 GBK
2014-05-14 20:02:52,406 [DEBUG] 程序登录成功
2014-05-14 20:02:52,437 [DEBUG] 创建画板视图成功
2014-05-14 20:02:52,437 [DEBUG] 设置画板为中心区域成功
2014-05-14 20:02:52,437 [DEBUG] 创建 TOOLS 控件及 TOOLSBAR成功
2014-05-14 20:02:52,437 [DEBUG] 创建 PENCOLOR 控件及 PENCOLORBAR 成功
2014-05-14 20:02:52,437 [DEBUG] 创建 BRUSHCOLR 控件及 BRUSHCOLORBAR 成功
2014-05-14 20:02:52,453 [DEBUG] 创建 PENSTYLE 控件成功
2014-05-14 20:02:52,453 [DEBUG] 创建 BRUSHSTYPE 控件成功
2014-05-14 20:02:52,453 [DEBUG] 创建 FILE 控件成功
2014-05-14 20:02:52,453 [DEBUG] 创建菜单成功
2014-05-14 20:02:52,453 [DEBUG] 创建用户列表
2014-05-14 20:02:52,468 [DEBUG] 创建 右边停靠栏成功
2014-05-14 20:02:52,468 [DEBUG] 绑定信号/槽成功
2014-05-14 20:02:52,468 [DEBUG] 设置当前文件
2014-05-14 20:02:54,500 [ERROR] 无法与服务器相连接
2014-05-14 20:03:29,236 [DEBUG] 系统启动
2014-05-14 20:03:29,251 [DEBUG] 设置程序的字体为 GBK
2014-05-14 20:03:29,251 [DEBUG] 程序登录成功
2014-05-14 20:03:29,283 [DEBUG] 创建画板视图成功
2014-05-14 20:03:29,283 [DEBUG] 设置画板为中心区域成功
2014-05-14 20:03:29,283 [DEBUG] 创建 TOOLS 控件及 TOOLSBAR成功
2014-05-14 20:03:29,298 [DEBUG] 创建 PENCOLOR 控件及 PENCOLORBAR 成功
2014-05-14 20:03:29,298 [DEBUG] 创建 BRUSHCOLR 控件及 BRUSHCOLORBAR 成功
2014-05-14 20:03:29,298 [DEBUG] 创建 PENSTYLE 控件成功
2014-05-14 20:03:29,298 [DEBUG] 创建 BRUSHSTYPE 控件成功
2014-05-14 20:03:29,298 [DEBUG] 创建 FILE 控件成功
2014-05-14 20:03:29,298 [DEBUG] 创建菜单成功
2014-05-14 20:03:29,298 [DEBUG] 创建用户列表
2014-05-14 20:03:29,314 [DEBUG] 创建 右边停靠栏成功
2014-05-14 20:03:29,314 [DEBUG] 绑定信号/槽成功
2014-05-14 20:03:29,314 [DEBUG] 设置当前文件
2014-05-14 20:03:29,330 [DEBUG] 画板程序登录中...
2014-05-14 20:03:32,408 [DEBUG] 创建一个登陆消息
2014-05-14 20:03:32,408 [DEBUG] 准备发送数据: 数据大小为: 24
2014-05-14 20:03:32,408 [DEBUG] 发送数据进入缓冲区: 数据大小为: 24
2014-05-14 20:03:32,408 [DEBUG] 发送数据成功
2014-05-14 20:03:35,424 [DEBUG] 创建一个登陆消息
2014-05-14 20:03:35,424 [DEBUG] 准备发送数据: 数据大小为: 24
2014-05-14 20:03:35,424 [DEBUG] 发送数据进入缓冲区: 数据大小为: 24
2014-05-14 20:03:35,455 [DEBUG] 准备接收数据
2014-05-14 20:03:35,455 [DEBUG] 收到服务器发来信息, 封装时数据大小为: 5
2014-05-14 20:03:35,455 [DEBUG] 创建一个登陆结果消息
2014-05-14 20:03:35,455 [DEBUG] 交由登陆结果函数处理结果信息
2014-05-14 20:03:35,455 [DEBUG] 发送登陆处理结果消息
2014-05-14 20:03:35,455 [DEBUG] 收到服务器发来信息, 封装时数据大小为: 45
2014-05-14 20:03:35,455 [DEBUG] 创建一个列表信息消息
2014-05-14 20:03:35,455 [DEBUG] 交由数据表处理函数处理数据表信息
2014-05-14 20:03:35,455 [DEBUG] 接受到用户列表信息
2014-05-14 20:03:35,470 [DEBUG] 添加用户信息
2014-05-14 20:03:35,470 [DEBUG] 收到服务器发来信息, 封装时数据大小为: 49
2014-05-14 20:03:35,470 [DEBUG] 创建一个列表信息消息
2014-05-14 20:03:35,470 [DEBUG] 交由数据表处理函数处理数据表信息
2014-05-14 20:03:35,470 [DEBUG] 接受到用户列表信息
2014-05-14 20:03:35,470 [DEBUG] 添加用户信息
2014-05-14 20:03:35,470 [DEBUG] 收到服务器发来信息, 封装时数据大小为: 29
2014-05-14 20:03:35,470 [DEBUG] 创建一个列表信息消息
2014-05-14 20:03:35,470 [DEBUG] 交由数据表处理函数处理数据表信息
2014-05-14 20:03:35,470 [DEBUG] 接受到用户列表信息
2014-05-14 20:03:35,470 [DEBUG] 添加用户信息
2014-05-14 20:03:35,470 [DEBUG] 收到服务器发来信息, 封装时数据大小为: 33
2014-05-14 20:03:35,470 [DEBUG] 创建一个列表信息消息
2014-05-14 20:03:35,470 [DEBUG] 交由数据表处理函数处理数据表信息
2014-05-14 20:03:35,470 [DEBUG] 接受到用户列表信息
2014-05-14 20:03:35,470 [DEBUG] 添加用户信息
2014-05-14 20:03:35,470 [DEBUG] 收到服务器发来信息, 封装时数据大小为: 33
2014-05-14 20:03:35,470 [DEBUG] 创建一个列表信息消息
2014-05-14 20:03:35,470 [DEBUG] 交由数据表处理函数处理数据表信息
2014-05-14 20:03:35,470 [DEBUG] 接受到用户列表信息
2014-05-14 20:03:35,470 [DEBUG] 添加用户信息
2014-05-14 20:03:35,470 [DEBUG] 收到服务器发来信息, 封装时数据大小为: 33
2014-05-14 20:03:35,470 [DEBUG] 创建一个列表信息消息
2014-05-14 20:03:35,470 [DEBUG] 交由数据表处理函数处理数据表信息
2014-05-14 20:03:35,470 [DEBUG] 接受到用户列表信息
2014-05-14 20:03:35,470 [DEBUG] 添加用户信息
2014-05-14 20:03:35,470 [DEBUG] 收到服务器发来信息, 封装时数据大小为: 33
2014-05-14 20:03:35,470 [DEBUG] 创建一个列表信息消息
2014-05-14 20:03:35,470 [DEBUG] 交由数据表处理函数处理数据表信息
2014-05-14 20:03:35,470 [DEBUG] 接受到用户列表信息
2014-05-14 20:03:35,470 [DEBUG] 添加用户信息
2014-05-14 20:03:35,470 [DEBUG] 收到服务器发来信息, 封装时数据大小为: 33
2014-05-14 20:03:35,470 [DEBUG] 创建一个列表信息消息
2014-05-14 20:03:35,470 [DEBUG] 交由数据表处理函数处理数据表信息
2014-05-14 20:03:35,470 [DEBUG] 接受到用户列表信息
2014-05-14 20:03:35,470 [DEBUG] 添加用户信息
2014-05-14 20:03:35,470 [DEBUG] 收到服务器发来信息, 封装时数据大小为: 33
2014-05-14 20:03:35,470 [DEBUG] 创建一个列表信息消息
2014-05-14 20:03:35,470 [DEBUG] 交由数据表处理函数处理数据表信息
2014-05-14 20:03:35,470 [DEBUG] 接受到用户列表信息
2014-05-14 20:03:35,470 [DEBUG] 添加用户信息
2014-05-14 20:03:35,470 [DEBUG] 收到服务器发来信息, 封装时数据大小为: 33
2014-05-14 20:03:35,470 [DEBUG] 创建一个列表信息消息
2014-05-14 20:03:35,470 [DEBUG] 交由数据表处理函数处理数据表信息
2014-05-14 20:03:35,470 [DEBUG] 接受到用户列表信息
2014-05-14 20:03:35,470 [DEBUG] 添加用户信息
2014-05-14 20:03:35,470 [DEBUG] 收到服务器发来信息, 封装时数据大小为: 33
2014-05-14 20:03:35,470 [DEBUG] 创建一个列表信息消息
2014-05-14 20:03:35,470 [DEBUG] 交由数据表处理函数处理数据表信息
2014-05-14 20:03:35,470 [DEBUG] 接受到用户列表信息
2014-05-14 20:03:35,470 [DEBUG] 添加用户信息
2014-05-14 20:03:35,470 [DEBUG] 收到服务器发来信息, 封装时数据大小为: 33
2014-05-14 20:03:35,470 [DEBUG] 创建一个列表信息消息
2014-05-14 20:03:35,470 [DEBUG] 交由数据表处理函数处理数据表信息
2014-05-14 20:03:35,470 [DEBUG] 接受到用户列表信息
2014-05-14 20:03:35,470 [DEBUG] 添加用户信息
2014-05-14 20:03:35,470 [DEBUG] 收到服务器发来信息, 封装时数据大小为: 35
2014-05-14 20:03:35,486 [DEBUG] 创建一个列表信息消息
2014-05-14 20:03:35,486 [DEBUG] 交由数据表处理函数处理数据表信息
2014-05-14 20:03:35,486 [DEBUG] 接受到用户列表信息
2014-05-14 20:03:35,486 [DEBUG] 添加用户信息
2014-05-14 20:03:35,486 [DEBUG] 收到服务器发来信息, 封装时数据大小为: 35
2014-05-14 20:03:35,486 [DEBUG] 创建一个列表信息消息
2014-05-14 20:03:35,486 [DEBUG] 交由数据表处理函数处理数据表信息
2014-05-14 20:03:35,486 [DEBUG] 接受到用户列表信息
2014-05-14 20:03:35,486 [DEBUG] 添加用户信息
2014-05-14 20:03:35,486 [DEBUG] 收到服务器发来信息, 封装时数据大小为: 35
2014-05-14 20:03:35,486 [DEBUG] 创建一个列表信息消息
2014-05-14 20:03:35,486 [DEBUG] 交由数据表处理函数处理数据表信息
2014-05-14 20:03:35,486 [DEBUG] 接受到用户列表信息
2014-05-14 20:03:35,486 [DEBUG] 添加用户信息
2014-05-14 20:03:35,486 [DEBUG] 收到服务器发来信息, 封装时数据大小为: 35
2014-05-14 20:03:35,486 [DEBUG] 创建一个列表信息消息
2014-05-14 20:03:35,486 [DEBUG] 交由数据表处理函数处理数据表信息
2014-05-14 20:03:35,486 [DEBUG] 接受到用户列表信息
2014-05-14 20:03:35,486 [DEBUG] 添加用户信息
2014-05-14 20:03:35,486 [DEBUG] 收到服务器发来信息, 封装时数据大小为: 35
2014-05-14 20:03:35,486 [DEBUG] 创建一个列表信息消息
2014-05-14 20:03:35,486 [DEBUG] 交由数据表处理函数处理数据表信息
2014-05-14 20:03:35,486 [DEBUG] 接受到用户列表信息
2014-05-14 20:03:35,486 [DEBUG] 添加用户信息
2014-05-14 20:03:35,486 [DEBUG] 收到服务器发来信息, 封装时数据大小为: 35
2014-05-14 20:03:35,486 [DEBUG] 创建一个列表信息消息
2014-05-14 20:03:35,486 [DEBUG] 交由数据表处理函数处理数据表信息
2014-05-14 20:03:35,486 [DEBUG] 接受到用户列表信息
2014-05-14 20:03:35,486 [DEBUG] 添加用户信息
2014-05-14 20:03:35,486 [DEBUG] 收到服务器发来信息, 封装时数据大小为: 35
2014-05-14 20:03:35,486 [DEBUG] 创建一个列表信息消息
2014-05-14 20:03:35,486 [DEBUG] 交由数据表处理函数处理数据表信息
2014-05-14 20:03:35,486 [DEBUG] 接受到用户列表信息
2014-05-14 20:03:35,486 [DEBUG] 添加用户信息
2014-05-14 20:03:35,486 [DEBUG] 收到服务器发来信息, 封装时数据大小为: 35
2014-05-14 20:03:35,486 [DEBUG] 创建一个列表信息消息
2014-05-14 20:03:35,486 [DEBUG] 交由数据表处理函数处理数据表信息
2014-05-14 20:03:35,486 [DEBUG] 接受到用户列表信息
2014-05-14 20:03:35,486 [DEBUG] 添加用户信息
2014-05-14 20:03:35,486 [DEBUG] 收到服务器发来信息, 封装时数据大小为: 35
2014-05-14 20:03:35,486 [DEBUG] 创建一个列表信息消息
2014-05-14 20:03:35,486 [DEBUG] 交由数据表处理函数处理数据表信息
2014-05-14 20:03:35,486 [DEBUG] 接受到用户列表信息
2014-05-14 20:03:35,486 [DEBUG] 添加用户信息
2014-05-14 20:03:35,486 [DEBUG] 收到服务器发来信息, 封装时数据大小为: 35
2014-05-14 20:03:35,486 [DEBUG] 创建一个列表信息消息
2014-05-14 20:03:35,486 [DEBUG] 交由数据表处理函数处理数据表信息
2014-05-14 20:03:35,486 [DEBUG] 接受到用户列表信息
2014-05-14 20:03:35,486 [DEBUG] 添加用户信息
2014-05-14 20:03:35,486 [DEBUG] 收到服务器发来信息, 封装时数据大小为: 35
2014-05-14 20:03:35,486 [DEBUG] 创建一个列表信息消息
2014-05-14 20:03:35,486 [DEBUG] 交由数据表处理函数处理数据表信息
2014-05-14 20:03:35,486 [DEBUG] 接受到用户列表信息
2014-05-14 20:03:35,486 [DEBUG] 添加用户信息
2014-05-14 20:03:35,486 [DEBUG] 收到服务器发来信息, 封装时数据大小为: 35
2014-05-14 20:03:35,486 [DEBUG] 创建一个列表信息消息
2014-05-14 20:03:35,486 [DEBUG] 交由数据表处理函数处理数据表信息
2014-05-14 20:03:35,486 [DEBUG] 接受到用户列表信息
2014-05-14 20:03:35,486 [DEBUG] 添加用户信息
2014-05-14 20:03:35,486 [DEBUG] 收到服务器发来信息, 封装时数据大小为: 35
2014-05-14 20:03:35,486 [DEBUG] 创建一个列表信息消息
2014-05-14 20:03:35,486 [DEBUG] 交由数据表处理函数处理数据表信息
2014-05-14 20:03:35,486 [DEBUG] 接受到用户列表信息
2014-05-14 20:03:35,486 [DEBUG] 添加用户信息
2014-05-14 20:03:35,486 [DEBUG] 收到服务器发来信息, 封装时数据大小为: 35
2014-05-14 20:03:35,486 [DEBUG] 创建一个列表信息消息
2014-05-14 20:03:35,486 [DEBUG] 交由数据表处理函数处理数据表信息
2014-05-14 20:03:35,486 [DEBUG] 接受到用户列表信息
2014-05-14 20:03:35,486 [DEBUG] 添加用户信息
2014-05-14 20:03:35,486 [DEBUG] 收到服务器发来信息, 封装时数据大小为: 35
2014-05-14 20:03:35,486 [DEBUG] 创建一个列表信息消息
2014-05-14 20:03:35,486 [DEBUG] 交由数据表处理函数处理数据表信息
2014-05-14 20:03:35,486 [DEBUG] 接受到用户列表信息
2014-05-14 20:03:35,486 [DEBUG] 添加用户信息
2014-05-14 20:03:35,486 [DEBUG] 收到服务器发来信息, 封装时数据大小为: 35
2014-05-14 20:03:35,486 [DEBUG] 创建一个列表信息消息
2014-05-14 20:03:35,486 [DEBUG] 交由数据表处理函数处理数据表信息
2014-05-14 20:03:35,486 [DEBUG] 接受到用户列表信息
2014-05-14 20:03:35,486 [DEBUG] 添加用户信息
2014-05-14 20:03:35,486 [DEBUG] 收到服务器发来信息, 封装时数据大小为: 35
2014-05-14 20:03:35,486 [DEBUG] 创建一个列表信息消息
2014-05-14 20:03:35,486 [DEBUG] 交由数据表处理函数处理数据表信息
2014-05-14 20:03:35,486 [DEBUG] 接受到用户列表信息
2014-05-14 20:03:35,486 [DEBUG] 添加用户信息
2014-05-14 20:03:35,486 [DEBUG] 收到服务器发来信息, 封装时数据大小为: 35
2014-05-14 20:03:35,486 [DEBUG] 创建一个列表信息消息
2014-05-14 20:03:35,502 [DEBUG] 交由数据表处理函数处理数据表信息
2014-05-14 20:03:35,502 [DEBUG] 接受到用户列表信息
2014-05-14 20:03:35,502 [DEBUG] 添加用户信息
2014-05-14 20:03:35,502 [DEBUG] 收到服务器发来信息, 封装时数据大小为: 35
2014-05-14 20:03:35,502 [DEBUG] 创建一个列表信息消息
2014-05-14 20:03:35,502 [DEBUG] 交由数据表处理函数处理数据表信息
2014-05-14 20:03:35,502 [DEBUG] 接受到用户列表信息
2014-05-14 20:03:35,502 [DEBUG] 添加用户信息
2014-05-14 20:03:35,502 [DEBUG] 收到服务器发来信息, 封装时数据大小为: 35
2014-05-14 20:03:35,502 [DEBUG] 创建一个列表信息消息
2014-05-14 20:03:35,502 [DEBUG] 交由数据表处理函数处理数据表信息
2014-05-14 20:03:35,502 [DEBUG] 接受到用户列表信息
2014-05-14 20:03:35,502 [DEBUG] 添加用户信息
2014-05-14 20:03:35,502 [DEBUG] 收到服务器发来信息, 封装时数据大小为: 35
2014-05-14 20:03:35,502 [DEBUG] 创建一个列表信息消息
2014-05-14 20:03:35,502 [DEBUG] 交由数据表处理函数处理数据表信息
2014-05-14 20:03:35,502 [DEBUG] 接受到用户列表信息
2014-05-14 20:03:35,502 [DEBUG] 添加用户信息
2014-05-14 20:03:35,502 [DEBUG] 收到服务器发来信息, 封装时数据大小为: 35
2014-05-14 20:03:35,502 [DEBUG] 创建一个列表信息消息
2014-05-14 20:03:35,502 [DEBUG] 交由数据表处理函数处理数据表信息
2014-05-14 20:03:35,502 [DEBUG] 接受到用户列表信息
2014-05-14 20:03:35,502 [DEBUG] 添加用户信息
2014-05-14 20:03:35,502 [DEBUG] 收到服务器发来信息, 封装时数据大小为: 35
2014-05-14 20:03:35,502 [DEBUG] 创建一个列表信息消息
2014-05-14 20:03:35,502 [DEBUG] 交由数据表处理函数处理数据表信息
2014-05-14 20:03:35,502 [DEBUG] 接受到用户列表信息
2014-05-14 20:03:35,502 [DEBUG] 添加用户信息
2014-05-14 20:03:35,502 [DEBUG] 收到服务器发来信息, 封装时数据大小为: 35
2014-05-14 20:03:35,502 [DEBUG] 创建一个列表信息消息
2014-05-14 20:03:35,502 [DEBUG] 交由数据表处理函数处理数据表信息
2014-05-14 20:03:35,502 [DEBUG] 接受到用户列表信息
2014-05-14 20:03:35,502 [DEBUG] 添加用户信息
2014-05-14 20:03:35,502 [DEBUG] 收到服务器发来信息, 封装时数据大小为: 35
2014-05-14 20:03:35,502 [DEBUG] 创建一个列表信息消息
2014-05-14 20:03:35,502 [DEBUG] 交由数据表处理函数处理数据表信息
2014-05-14 20:03:35,502 [DEBUG] 接受到用户列表信息
2014-05-14 20:03:35,502 [DEBUG] 添加用户信息
2014-05-14 20:03:35,502 [DEBUG] 收到服务器发来信息, 封装时数据大小为: 35
2014-05-14 20:03:35,502 [DEBUG] 创建一个列表信息消息
2014-05-14 20:03:35,502 [DEBUG] 交由数据表处理函数处理数据表信息
2014-05-14 20:03:35,502 [DEBUG] 接受到用户列表信息
2014-05-14 20:03:35,502 [DEBUG] 添加用户信息
2014-05-14 20:03:35,502 [DEBUG] 收到服务器发来信息, 封装时数据大小为: 35
2014-05-14 20:03:35,502 [DEBUG] 创建一个列表信息消息
2014-05-14 20:03:35,502 [DEBUG] 交由数据表处理函数处理数据表信息
2014-05-14 20:03:35,502 [DEBUG] 接受到用户列表信息
2014-05-14 20:03:35,502 [DEBUG] 添加用户信息
2014-05-14 20:03:35,502 [DEBUG] 收到服务器发来信息, 封装时数据大小为: 35
2014-05-14 20:03:35,502 [DEBUG] 创建一个列表信息消息
2014-05-14 20:03:35,502 [DEBUG] 交由数据表处理函数处理数据表信息
2014-05-14 20:03:35,502 [DEBUG] 接受到用户列表信息
2014-05-14 20:03:35,502 [DEBUG] 添加用户信息
2014-05-14 20:03:35,502 [DEBUG] 收到服务器发来信息, 封装时数据大小为: 35
2014-05-14 20:03:35,502 [DEBUG] 创建一个列表信息消息
2014-05-14 20:03:35,502 [DEBUG] 交由数据表处理函数处理数据表信息
2014-05-14 20:03:35,502 [DEBUG] 接受到用户列表信息
2014-05-14 20:03:35,502 [DEBUG] 添加用户信息
2014-05-14 20:03:35,502 [DEBUG] 收到服务器发来信息, 封装时数据大小为: 35
2014-05-14 20:03:35,502 [DEBUG] 创建一个列表信息消息
2014-05-14 20:03:35,502 [DEBUG] 交由数据表处理函数处理数据表信息
2014-05-14 20:03:35,502 [DEBUG] 接受到用户列表信息
2014-05-14 20:03:35,502 [DEBUG] 添加用户信息
2014-05-14 20:03:35,502 [DEBUG] 收到服务器发来信息, 封装时数据大小为: 35
2014-05-14 20:03:35,502 [DEBUG] 创建一个列表信息消息
2014-05-14 20:03:35,502 [DEBUG] 交由数据表处理函数处理数据表信息
2014-05-14 20:03:35,502 [DEBUG] 接受到用户列表信息
2014-05-14 20:03:35,502 [DEBUG] 添加用户信息
2014-05-14 20:03:35,502 [DEBUG] 收到服务器发来信息, 封装时数据大小为: 35
2014-05-14 20:03:35,502 [DEBUG] 创建一个列表信息消息
2014-05-14 20:03:35,502 [DEBUG] 交由数据表处理函数处理数据表信息
2014-05-14 20:03:35,502 [DEBUG] 接受到用户列表信息
2014-05-14 20:03:35,502 [DEBUG] 添加用户信息
2014-05-14 20:03:35,502 [DEBUG] 收到服务器发来信息, 封装时数据大小为: 35
2014-05-14 20:03:35,502 [DEBUG] 创建一个列表信息消息
2014-05-14 20:03:35,502 [DEBUG] 交由数据表处理函数处理数据表信息
2014-05-14 20:03:35,502 [DEBUG] 接受到用户列表信息
2014-05-14 20:03:35,502 [DEBUG] 添加用户信息
2014-05-14 20:03:35,502 [DEBUG] 收到服务器发来信息, 封装时数据大小为: 35
2014-05-14 20:03:35,502 [DEBUG] 创建一个列表信息消息
2014-05-14 20:03:35,502 [DEBUG] 交由数据表处理函数处理数据表信息
2014-05-14 20:03:35,502 [DEBUG] 接受到用户列表信息
2014-05-14 20:03:35,502 [DEBUG] 添加用户信息
2014-05-14 20:03:35,502 [DEBUG] 收到服务器发来信息, 封装时数据大小为: 35
2014-05-14 20:03:35,502 [DEBUG] 创建一个列表信息消息
2014-05-14 20:03:35,502 [DEBUG] 交由数据表处理函数处理数据表信息
2014-05-14 20:03:35,502 [DEBUG] 接受到用户列表信息
2014-05-14 20:03:35,502 [DEBUG] 添加用户信息
2014-05-14 20:03:35,502 [DEBUG] 收到服务器发来信息, 封装时数据大小为: 33
2014-05-14 20:03:35,502 [DEBUG] 创建一个列表信息消息
2014-05-14 20:03:35,502 [DEBUG] 交由数据表处理函数处理数据表信息
2014-05-14 20:03:35,502 [DEBUG] 接受到用户列表信息
2014-05-14 20:03:35,502 [DEBUG] 添加用户信息
2014-05-14 20:03:35,502 [DEBUG] 收到服务器发来信息, 封装时数据大小为: 33
2014-05-14 20:03:35,502 [DEBUG] 创建一个列表信息消息
2014-05-14 20:03:35,502 [DEBUG] 交由数据表处理函数处理数据表信息
2014-05-14 20:03:35,502 [DEBUG] 接受到用户列表信息
2014-05-14 20:03:35,502 [DEBUG] 添加用户信息
2014-05-14 20:03:35,502 [DEBUG] 收到服务器发来信息, 封装时数据大小为: 33
2014-05-14 20:03:35,502 [DEBUG] 创建一个列表信息消息
2014-05-14 20:03:35,502 [DEBUG] 交由数据表处理函数处理数据表信息
2014-05-14 20:03:35,502 [DEBUG] 接受到用户列表信息
2014-05-14 20:03:35,502 [DEBUG] 添加用户信息
2014-05-14 20:03:35,502 [DEBUG] 收到服务器发来信息, 封装时数据大小为: 33
2014-05-14 20:03:35,502 [DEBUG] 创建一个列表信息消息
2014-05-14 20:03:35,502 [DEBUG] 交由数据表处理函数处理数据表信息
2014-05-14 20:03:35,502 [DEBUG] 接受到用户列表信息
2014-05-14 20:03:35,502 [DEBUG] 添加用户信息
2014-05-14 20:03:35,502 [DEBUG] 收到服务器发来信息, 封装时数据大小为: 33
2014-05-14 20:03:35,502 [DEBUG] 创建一个列表信息消息
2014-05-14 20:03:35,502 [DEBUG] 交由数据表处理函数处理数据表信息
2014-05-14 20:03:35,502 [DEBUG] 接受到用户列表信息
2014-05-14 20:03:35,502 [DEBUG] 添加用户信息
2014-05-14 20:03:35,502 [DEBUG] 收到服务器发来信息, 封装时数据大小为: 33
2014-05-14 20:03:35,502 [DEBUG] 创建一个列表信息消息
2014-05-14 20:03:35,502 [DEBUG] 交由数据表处理函数处理数据表信息
2014-05-14 20:03:35,502 [DEBUG] 接受到用户列表信息
2014-05-14 20:03:35,502 [DEBUG] 添加用户信息
2014-05-14 20:03:35,502 [DEBUG] 收到服务器发来信息, 封装时数据大小为: 33
2014-05-14 20:03:35,517 [DEBUG] 创建一个列表信息消息
2014-05-14 20:03:35,517 [DEBUG] 交由数据表处理函数处理数据表信息
2014-05-14 20:03:35,517 [DEBUG] 接受到用户列表信息
2014-05-14 20:03:35,517 [DEBUG] 添加用户信息
2014-05-14 20:03:35,517 [DEBUG] 收到服务器发来信息, 封装时数据大小为: 33
2014-05-14 20:03:35,517 [DEBUG] 创建一个列表信息消息
2014-05-14 20:03:35,517 [DEBUG] 交由数据表处理函数处理数据表信息
2014-05-14 20:03:35,517 [DEBUG] 接受到用户列表信息
2014-05-14 20:03:35,517 [DEBUG] 添加用户信息
2014-05-14 20:03:35,517 [DEBUG] 收到服务器发来信息, 封装时数据大小为: 33
2014-05-14 20:03:35,517 [DEBUG] 创建一个列表信息消息
2014-05-14 20:03:35,517 [DEBUG] 交由数据表处理函数处理数据表信息
2014-05-14 20:03:35,517 [DEBUG] 接受到用户列表信息
2014-05-14 20:03:35,517 [DEBUG] 添加用户信息
2014-05-14 20:03:35,517 [DEBUG] 收到服务器发来信息, 封装时数据大小为: 35
2014-05-14 20:03:35,517 [DEBUG] 创建一个列表信息消息
2014-05-14 20:03:35,517 [DEBUG] 交由数据表处理函数处理数据表信息
2014-05-14 20:03:35,517 [DEBUG] 接受到用户列表信息
2014-05-14 20:03:35,517 [DEBUG] 添加用户信息
2014-05-14 20:03:35,517 [DEBUG] 收到服务器发来信息, 封装时数据大小为: 35
2014-05-14 20:03:35,517 [DEBUG] 创建一个列表信息消息
2014-05-14 20:03:35,517 [DEBUG] 交由数据表处理函数处理数据表信息
2014-05-14 20:03:35,517 [DEBUG] 接受到用户列表信息
2014-05-14 20:03:35,517 [DEBUG] 添加用户信息
2014-05-14 20:03:35,517 [DEBUG] 收到服务器发来信息, 封装时数据大小为: 35
2014-05-14 20:03:35,517 [DEBUG] 创建一个列表信息消息
2014-05-14 20:03:35,517 [DEBUG] 交由数据表处理函数处理数据表信息
2014-05-14 20:03:35,517 [DEBUG] 接受到用户列表信息
2014-05-14 20:03:35,517 [DEBUG] 添加用户信息
2014-05-14 20:03:35,517 [DEBUG] 收到服务器发来信息, 封装时数据大小为: 35
2014-05-14 20:03:35,517 [DEBUG] 创建一个列表信息消息
2014-05-14 20:03:35,517 [DEBUG] 交由数据表处理函数处理数据表信息
2014-05-14 20:03:35,517 [DEBUG] 接受到用户列表信息
2014-05-14 20:03:35,517 [DEBUG] 添加用户信息
2014-05-14 20:03:35,517 [DEBUG] 收到服务器发来信息, 封装时数据大小为: 35
2014-05-14 20:03:35,517 [DEBUG] 创建一个列表信息消息
2014-05-14 20:03:35,517 [DEBUG] 交由数据表处理函数处理数据表信息
2014-05-14 20:03:35,517 [DEBUG] 接受到用户列表信息
2014-05-14 20:03:35,517 [DEBUG] 添加用户信息
2014-05-14 20:03:35,517 [DEBUG] 收到服务器发来信息, 封装时数据大小为: 35
2014-05-14 20:03:35,517 [DEBUG] 创建一个列表信息消息
2014-05-14 20:03:35,517 [DEBUG] 交由数据表处理函数处理数据表信息
2014-05-14 20:03:35,517 [DEBUG] 接受到用户列表信息
2014-05-14 20:03:35,517 [DEBUG] 添加用户信息
2014-05-14 20:03:35,517 [DEBUG] 收到服务器发来信息, 封装时数据大小为: 35
2014-05-14 20:03:35,517 [DEBUG] 创建一个列表信息消息
2014-05-14 20:03:35,517 [DEBUG] 交由数据表处理函数处理数据表信息
2014-05-14 20:03:35,517 [DEBUG] 接受到用户列表信息
2014-05-14 20:03:35,517 [DEBUG] 添加用户信息
2014-05-14 20:03:35,517 [DEBUG] 收到服务器发来信息, 封装时数据大小为: 35
2014-05-14 20:03:35,517 [DEBUG] 创建一个列表信息消息
2014-05-14 20:03:35,517 [DEBUG] 交由数据表处理函数处理数据表信息
2014-05-14 20:03:35,517 [DEBUG] 接受到用户列表信息
2014-05-14 20:03:35,517 [DEBUG] 添加用户信息
2014-05-14 20:03:35,517 [DEBUG] 收到服务器发来信息, 封装时数据大小为: 35
2014-05-14 20:03:35,517 [DEBUG] 创建一个列表信息消息
2014-05-14 20:03:35,517 [DEBUG] 交由数据表处理函数处理数据表信息
2014-05-14 20:03:35,517 [DEBUG] 接受到用户列表信息
2014-05-14 20:03:35,517 [DEBUG] 添加用户信息
2014-05-14 20:03:35,517 [DEBUG] 收到服务器发来信息, 封装时数据大小为: 35
2014-05-14 20:03:35,517 [DEBUG] 创建一个列表信息消息
2014-05-14 20:03:35,517 [DEBUG] 交由数据表处理函数处理数据表信息
2014-05-14 20:03:35,517 [DEBUG] 接受到用户列表信息
2014-05-14 20:03:35,517 [DEBUG] 添加用户信息
2014-05-14 20:03:35,517 [DEBUG] 收到服务器发来信息, 封装时数据大小为: 35
2014-05-14 20:03:35,517 [DEBUG] 创建一个列表信息消息
2014-05-14 20:03:35,517 [DEBUG] 交由数据表处理函数处理数据表信息
2014-05-14 20:03:35,517 [DEBUG] 接受到用户列表信息
2014-05-14 20:03:35,517 [DEBUG] 添加用户信息
2014-05-14 20:03:35,517 [DEBUG] 收到服务器发来信息, 封装时数据大小为: 35
2014-05-14 20:03:35,517 [DEBUG] 创建一个列表信息消息
2014-05-14 20:03:35,517 [DEBUG] 交由数据表处理函数处理数据表信息
2014-05-14 20:03:35,517 [DEBUG] 接受到用户列表信息
2014-05-14 20:03:35,517 [DEBUG] 添加用户信息
2014-05-14 20:03:35,517 [DEBUG] 收到服务器发来信息, 封装时数据大小为: 35
2014-05-14 20:03:35,517 [DEBUG] 创建一个列表信息消息
2014-05-14 20:03:35,517 [DEBUG] 交由数据表处理函数处理数据表信息
2014-05-14 20:03:35,517 [DEBUG] 接受到用户列表信息
2014-05-14 20:03:35,517 [DEBUG] 添加用户信息
2014-05-14 20:03:35,517 [DEBUG] 收到服务器发来信息, 封装时数据大小为: 35
2014-05-14 20:03:35,517 [DEBUG] 创建一个列表信息消息
2014-05-14 20:03:35,517 [DEBUG] 交由数据表处理函数处理数据表信息
2014-05-14 20:03:35,517 [DEBUG] 接受到用户列表信息
2014-05-14 20:03:35,517 [DEBUG] 添加用户信息
2014-05-14 20:03:35,517 [DEBUG] 收到服务器发来信息, 封装时数据大小为: 35
2014-05-14 20:03:35,517 [DEBUG] 创建一个列表信息消息
2014-05-14 20:03:35,517 [DEBUG] 交由数据表处理函数处理数据表信息
2014-05-14 20:03:35,517 [DEBUG] 接受到用户列表信息
2014-05-14 20:03:35,517 [DEBUG] 添加用户信息
2014-05-14 20:03:35,517 [DEBUG] 收到服务器发来信息, 封装时数据大小为: 35
2014-05-14 20:03:35,517 [DEBUG] 创建一个列表信息消息
2014-05-14 20:03:35,517 [DEBUG] 交由数据表处理函数处理数据表信息
2014-05-14 20:03:35,517 [DEBUG] 接受到用户列表信息
2014-05-14 20:03:35,517 [DEBUG] 添加用户信息
2014-05-14 20:03:35,517 [DEBUG] 收到服务器发来信息, 封装时数据大小为: 35
2014-05-14 20:03:35,517 [DEBUG] 创建一个列表信息消息
2014-05-14 20:03:35,517 [DEBUG] 交由数据表处理函数处理数据表信息
2014-05-14 20:03:35,517 [DEBUG] 接受到用户列表信息
2014-05-14 20:03:35,517 [DEBUG] 添加用户信息
2014-05-14 20:03:35,517 [DEBUG] 收到服务器发来信息, 封装时数据大小为: 35
2014-05-14 20:03:35,517 [DEBUG] 创建一个列表信息消息
2014-05-14 20:03:35,517 [DEBUG] 交由数据表处理函数处理数据表信息
2014-05-14 20:03:35,517 [DEBUG] 接受到用户列表信息
2014-05-14 20:03:35,517 [DEBUG] 添加用户信息
2014-05-14 20:03:35,517 [DEBUG] 收到服务器发来信息, 封装时数据大小为: 35
2014-05-14 20:03:35,517 [DEBUG] 创建一个列表信息消息
2014-05-14 20:03:35,517 [DEBUG] 交由数据表处理函数处理数据表信息
2014-05-14 20:03:35,517 [DEBUG] 接受到用户列表信息
2014-05-14 20:03:35,517 [DEBUG] 添加用户信息
2014-05-14 20:03:35,517 [DEBUG] 收到服务器发来信息, 封装时数据大小为: 35
2014-05-14 20:03:35,517 [DEBUG] 创建一个列表信息消息
2014-05-14 20:03:35,517 [DEBUG] 交由数据表处理函数处理数据表信息
2014-05-14 20:03:35,517 [DEBUG] 接受到用户列表信息
2014-05-14 20:03:35,517 [DEBUG] 添加用户信息
2014-05-14 20:03:35,517 [DEBUG] 收到服务器发来信息, 封装时数据大小为: 35
2014-05-14 20:03:35,517 [DEBUG] 创建一个列表信息消息
2014-05-14 20:03:35,517 [DEBUG] 交由数据表处理函数处理数据表信息
2014-05-14 20:03:35,517 [DEBUG] 接受到用户列表信息
2014-05-14 20:03:35,517 [DEBUG] 添加用户信息
2014-05-14 20:03:35,533 [DEBUG] 收到服务器发来信息, 封装时数据大小为: 35
2014-05-14 20:03:35,533 [DEBUG] 创建一个列表信息消息
2014-05-14 20:03:35,533 [DEBUG] 交由数据表处理函数处理数据表信息
2014-05-14 20:03:35,533 [DEBUG] 接受到用户列表信息
2014-05-14 20:03:35,533 [DEBUG] 添加用户信息
2014-05-14 20:03:35,533 [DEBUG] 收到服务器发来信息, 封装时数据大小为: 35
2014-05-14 20:03:35,533 [DEBUG] 创建一个列表信息消息
2014-05-14 20:03:35,533 [DEBUG] 交由数据表处理函数处理数据表信息
2014-05-14 20:03:35,533 [DEBUG] 接受到用户列表信息
2014-05-14 20:03:35,533 [DEBUG] 添加用户信息
2014-05-14 20:03:35,533 [DEBUG] 收到服务器发来信息, 封装时数据大小为: 35
2014-05-14 20:03:35,533 [DEBUG] 创建一个列表信息消息
2014-05-14 20:03:35,533 [DEBUG] 交由数据表处理函数处理数据表信息
2014-05-14 20:03:35,533 [DEBUG] 接受到用户列表信息
2014-05-14 20:03:35,533 [DEBUG] 添加用户信息
2014-05-14 20:03:35,533 [DEBUG] 收到服务器发来信息, 封装时数据大小为: 35
2014-05-14 20:03:35,533 [DEBUG] 创建一个列表信息消息
2014-05-14 20:03:35,533 [DEBUG] 交由数据表处理函数处理数据表信息
2014-05-14 20:03:35,533 [DEBUG] 接受到用户列表信息
2014-05-14 20:03:35,533 [DEBUG] 添加用户信息
2014-05-14 20:03:35,533 [DEBUG] 收到服务器发来信息, 封装时数据大小为: 35
2014-05-14 20:03:35,533 [DEBUG] 创建一个列表信息消息
2014-05-14 20:03:35,533 [DEBUG] 交由数据表处理函数处理数据表信息
2014-05-14 20:03:35,533 [DEBUG] 接受到用户列表信息
2014-05-14 20:03:35,533 [DEBUG] 添加用户信息
2014-05-14 20:03:35,533 [DEBUG] 收到服务器发来信息, 封装时数据大小为: 35
2014-05-14 20:03:35,533 [DEBUG] 创建一个列表信息消息
2014-05-14 20:03:35,533 [DEBUG] 交由数据表处理函数处理数据表信息
2014-05-14 20:03:35,533 [DEBUG] 接受到用户列表信息
2014-05-14 20:03:35,533 [DEBUG] 添加用户信息
2014-05-14 20:03:35,533 [DEBUG] 收到服务器发来信息, 封装时数据大小为: 35
2014-05-14 20:03:35,533 [DEBUG] 创建一个列表信息消息
2014-05-14 20:03:35,533 [DEBUG] 交由数据表处理函数处理数据表信息
2014-05-14 20:03:35,533 [DEBUG] 接受到用户列表信息
2014-05-14 20:03:35,533 [DEBUG] 添加用户信息
2014-05-14 20:03:35,533 [DEBUG] 收到服务器发来信息, 封装时数据大小为: 35
2014-05-14 20:03:35,533 [DEBUG] 创建一个列表信息消息
2014-05-14 20:03:35,533 [DEBUG] 交由数据表处理函数处理数据表信息
2014-05-14 20:03:35,533 [DEBUG] 接受到用户列表信息
2014-05-14 20:03:35,533 [DEBUG] 添加用户信息
2014-05-14 20:03:35,533 [DEBUG] 收到服务器发来信息, 封装时数据大小为: 35
2014-05-14 20:03:35,533 [DEBUG] 创建一个列表信息消息
2014-05-14 20:03:35,533 [DEBUG] 交由数据表处理函数处理数据表信息
2014-05-14 20:03:35,533 [DEBUG] 接受到用户列表信息
2014-05-14 20:03:35,533 [DEBUG] 添加用户信息
2014-05-14 20:03:35,533 [DEBUG] 收到服务器发来信息, 封装时数据大小为: 35
2014-05-14 20:03:35,533 [DEBUG] 创建一个列表信息消息
2014-05-14 20:03:35,533 [DEBUG] 交由数据表处理函数处理数据表信息
2014-05-14 20:03:35,533 [DEBUG] 接受到用户列表信息
2014-05-14 20:03:35,533 [DEBUG] 添加用户信息
2014-05-14 20:03:35,533 [DEBUG] 收到服务器发来信息, 封装时数据大小为: 35
2014-05-14 20:03:35,533 [DEBUG] 创建一个列表信息消息
2014-05-14 20:03:35,533 [DEBUG] 交由数据表处理函数处理数据表信息
2014-05-14 20:03:35,533 [DEBUG] 接受到用户列表信息
2014-05-14 20:03:35,533 [DEBUG] 添加用户信息
2014-05-14 20:03:35,533 [DEBUG] 收到服务器发来信息, 封装时数据大小为: 35
2014-05-14 20:03:35,533 [DEBUG] 创建一个列表信息消息
2014-05-14 20:03:35,533 [DEBUG] 交由数据表处理函数处理数据表信息
2014-05-14 20:03:35,533 [DEBUG] 接受到用户列表信息
2014-05-14 20:03:35,533 [DEBUG] 添加用户信息
2014-05-14 20:03:35,533 [DEBUG] 收到服务器发来信息, 封装时数据大小为: 35
2014-05-14 20:03:35,533 [DEBUG] 创建一个列表信息消息
2014-05-14 20:03:35,533 [DEBUG] 交由数据表处理函数处理数据表信息
2014-05-14 20:03:35,533 [DEBUG] 接受到用户列表信息
2014-05-14 20:03:35,533 [DEBUG] 添加用户信息
2014-05-14 20:03:35,533 [DEBUG] 收到服务器发来信息, 封装时数据大小为: 35
2014-05-14 20:03:35,533 [DEBUG] 创建一个列表信息消息
2014-05-14 20:03:35,533 [DEBUG] 交由数据表处理函数处理数据表信息
2014-05-14 20:03:35,533 [DEBUG] 接受到用户列表信息
2014-05-14 20:03:35,533 [DEBUG] 添加用户信息
2014-05-14 20:03:35,533 [DEBUG] 收到服务器发来信息, 封装时数据大小为: 29
2014-05-14 20:03:35,533 [DEBUG] 创建一个列表信息消息
2014-05-14 20:03:35,533 [DEBUG] 交由数据表处理函数处理数据表信息
2014-05-14 20:03:35,533 [DEBUG] 接受到用户列表信息
2014-05-14 20:03:35,533 [DEBUG] 添加用户信息
2014-05-14 20:03:35,533 [DEBUG] 收到服务器发来信息, 封装时数据大小为: 29
2014-05-14 20:03:35,533 [DEBUG] 创建一个列表信息消息
2014-05-14 20:03:35,533 [DEBUG] 交由数据表处理函数处理数据表信息
2014-05-14 20:03:35,533 [DEBUG] 接受到用户列表信息
2014-05-14 20:03:35,533 [DEBUG] 添加用户信息
2014-05-14 20:03:35,533 [DEBUG] 收到服务器发来信息, 封装时数据大小为: 29
2014-05-14 20:03:35,533 [DEBUG] 创建一个列表信息消息
2014-05-14 20:03:35,533 [DEBUG] 交由数据表处理函数处理数据表信息
2014-05-14 20:03:35,533 [DEBUG] 接受到用户列表信息
2014-05-14 20:03:35,533 [DEBUG] 添加用户信息
2014-05-14 20:03:35,533 [DEBUG] 收到服务器发来信息, 封装时数据大小为: 49
2014-05-14 20:03:35,533 [DEBUG] 创建一个列表信息消息
2014-05-14 20:03:35,533 [DEBUG] 交由数据表处理函数处理数据表信息
2014-05-14 20:03:35,533 [DEBUG] 接受到用户列表信息
2014-05-14 20:03:35,533 [DEBUG] 添加用户信息
2014-05-14 20:03:35,533 [DEBUG] 发送数据成功
2014-05-14 20:03:35,533 [DEBUG] 画板程序登录成功
2014-05-14 20:03:35,533 [DEBUG] 启动画板系统
2014-05-14 20:03:56,206 [DEBUG] 退出画板程序
